<?xml version="1.0" encoding="UTF-8"?>
<testsuite xmlns:xsi="http://www.w3.org/2001/XMLSchema-instance" xsi:noNamespaceSchemaLocation="https://maven.apache.org/surefire/maven-surefire-plugin/xsd/surefire-test-report-3.0.xsd" version="3.0" name="TestSuite" time="0.533" tests="4" errors="0" skipped="0" failures="0">
  <properties>
    <property name="java.specification.version" value="14"/>
    <property name="sun.jnu.encoding" value="UTF-8"/>
    <property name="java.class.path" value="/Users/adarshshrivastava/eclipse-workspace/MavenDemo/Mavenjava/target/test-classes:/Users/adarshshrivastava/eclipse-workspace/MavenDemo/Mavenjava/target/classes:/Users/adarshshrivastava/.m2/repository/org/testng/testng/7.5/testng-7.5.jar:/Users/adarshshrivastava/.m2/repository/com/google/code/findbugs/jsr305/3.0.1/jsr305-3.0.1.jar:/Users/adarshshrivastava/.m2/repository/org/slf4j/slf4j-api/1.7.32/slf4j-api-1.7.32.jar:/Users/adarshshrivastava/.m2/repository/com/beust/jcommander/1.78/jcommander-1.78.jar:/Users/adarshshrivastava/.m2/repository/org/webjars/jquery/3.5.1/jquery-3.5.1.jar:"/>
    <property name="java.vm.vendor" value="Oracle Corporation"/>
    <property name="sun.arch.data.model" value="64"/>
    <property name="java.vendor.url" value="https://java.oracle.com/"/>
    <property name="user.timezone" value="Asia/Kolkata"/>
    <property name="os.name" value="Mac OS X"/>
    <property name="java.vm.specification.version" value="14"/>
    <property name="sun.java.launcher" value="SUN_STANDARD"/>
    <property name="user.country" value="IN"/>
    <property name="sun.boot.library.path" value="/Library/Java/JavaVirtualMachines/jdk-14.0.1.jdk/Contents/Home/lib"/>
    <property name="sun.java.command" value="/Users/adarshshrivastava/eclipse-workspace/MavenDemo/Mavenjava/target/surefire/surefirebooter5067599074221979263.jar /Users/adarshshrivastava/eclipse-workspace/MavenDemo/Mavenjava/target/surefire 2022-02-02T00-30-32_312-jvmRun1 surefire14793054819280208017tmp surefire_08387258693126632578tmp"/>
    <property name="http.nonProxyHosts" value="local|*.local|169.254/16|*.169.254/16"/>
    <property name="jdk.debug" value="release"/>
    <property name="surefire.test.class.path" value="/Users/adarshshrivastava/eclipse-workspace/MavenDemo/Mavenjava/target/test-classes:/Users/adarshshrivastava/eclipse-workspace/MavenDemo/Mavenjava/target/classes:/Users/adarshshrivastava/.m2/repository/org/testng/testng/7.5/testng-7.5.jar:/Users/adarshshrivastava/.m2/repository/com/google/code/findbugs/jsr305/3.0.1/jsr305-3.0.1.jar:/Users/adarshshrivastava/.m2/repository/org/slf4j/slf4j-api/1.7.32/slf4j-api-1.7.32.jar:/Users/adarshshrivastava/.m2/repository/com/beust/jcommander/1.78/jcommander-1.78.jar:/Users/adarshshrivastava/.m2/repository/org/webjars/jquery/3.5.1/jquery-3.5.1.jar:"/>
    <property name="sun.cpu.endian" value="little"/>
    <property name="user.home" value="/Users/adarshshrivastava"/>
    <property name="user.language" value="en"/>
    <property name="java.specification.vendor" value="Oracle Corporation"/>
    <property name="java.version.date" value="2020-04-14"/>
    <property name="java.home" value="/Library/Java/JavaVirtualMachines/jdk-14.0.1.jdk/Contents/Home"/>
    <property name="file.separator" value="/"/>
    <property name="basedir" value="/Users/adarshshrivastava/eclipse-workspace/MavenDemo/Mavenjava"/>
    <property name="java.vm.compressedOopsMode" value="Zero based"/>
    <property name="line.separator" value="&#10;"/>
    <property name="java.specification.name" value="Java Platform API Specification"/>
    <property name="java.vm.specification.vendor" value="Oracle Corporation"/>
    <property name="surefire.real.class.path" value="/Users/adarshshrivastava/eclipse-workspace/MavenDemo/Mavenjava/target/surefire/surefirebooter5067599074221979263.jar"/>
    <property name="sun.management.compiler" value="HotSpot 64-Bit Tiered Compilers"/>
    <property name="ftp.nonProxyHosts" value="local|*.local|169.254/16|*.169.254/16"/>
    <property name="java.runtime.version" value="14.0.1+7"/>
    <property name="user.name" value="adarshshrivastava"/>
    <property name="path.separator" value=":"/>
    <property name="os.version" value="10.13.1"/>
    <property name="java.runtime.name" value="Java(TM) SE Runtime Environment"/>
    <property name="file.encoding" value="UTF-8"/>
    <property name="java.vm.name" value="Java HotSpot(TM) 64-Bit Server VM"/>
    <property name="localRepository" value="/Users/adarshshrivastava/.m2/repository"/>
    <property name="java.vendor.url.bug" value="https://bugreport.java.com/bugreport/"/>
    <property name="java.io.tmpdir" value="/var/folders/kz/513ghj0s1_nc8nzhfy11_xtm0000gn/T/"/>
    <property name="java.version" value="14.0.1"/>
    <property name="user.dir" value="/Users/adarshshrivastava/eclipse-workspace/MavenDemo/Mavenjava"/>
    <property name="os.arch" value="x86_64"/>
    <property name="java.vm.specification.name" value="Java Virtual Machine Specification"/>
    <property name="java.library.path" value="/Users/adarshshrivastava/Library/Java/Extensions:/Library/Java/Extensions:/Network/Library/Java/Extensions:/System/Library/Java/Extensions:/usr/lib/java:."/>
    <property name="java.vm.info" value="mixed mode, sharing"/>
    <property name="java.vendor" value="Oracle Corporation"/>
    <property name="java.vm.version" value="14.0.1+7"/>
    <property name="sun.io.unicode.encoding" value="UnicodeBig"/>
    <property name="socksNonProxyHosts" value="local|*.local|169.254/16|*.169.254/16"/>
    <property name="java.class.version" value="58.0"/>
  </properties>
  <testcase name="apiAutomatiFirstMethod" classname="QAClickacademy.Mavenjava.APITest" time="0.005">
    <system-out><![CDATA[apiAutomatiFirstMethod
]]></system-out>
    <system-err><![CDATA[SLF4J: Failed to load class "org.slf4j.impl.StaticLoggerBinder".
SLF4J: Defaulting to no-operation (NOP) logger implementation
SLF4J: See http://www.slf4j.org/codes.html#StaticLoggerBinder for further details.
]]></system-err>
  </testcase>
  <testcase name="apiAutomationSecondMethod" classname="QAClickacademy.Mavenjava.APITest" time="0">
    <system-out><![CDATA[apiAutomationSecondMethod
]]></system-out>
  </testcase>
  <testcase name="appiumAutomationFirstMethod" classname="QAClickacademy.Mavenjava.AppiumTest" time="0">
    <system-out><![CDATA[appiumAutomationFirstMethod
]]></system-out>
  </testcase>
  <testcase name="appiumAutomationSecondMethod" classname="QAClickacademy.Mavenjava.AppiumTest" time="0">
    <system-out><![CDATA[appiumAutomationSecondMethod
]]></system-out>
  </testcase>
</testsuite>