<?xml version="1.0" encoding="UTF-8"?>
<!-- Generated by org.testng.reporters.JUnitReportReporter -->
<testsuite hostname="Adarshs-Air" failures="0" tests="1" name="QAClickacademy.Mavenjava.SeleniumTest" time="0.021" errors="0" timestamp="2022-01-21T22:37:12 IST" skipped="0">
  <testcase classname="QAClickacademy.Mavenjava.SeleniumTest" name="firstTest" time="0.021"/>
  <system-out/>
</testsuite> <!-- QAClickacademy.Mavenjava.SeleniumTest -->
