<?xml version="1.0" encoding="UTF-8"?>
<!-- Generated by org.testng.reporters.JUnitReportReporter -->
<testsuite hostname="Adarshs-Air" failures="0" tests="2" name="QAClickacademy.Mavenjava.APITest" time="0.016" errors="0" timestamp="2022-02-28T15:29:19 IST" skipped="0">
  <testcase classname="QAClickacademy.Mavenjava.APITest" name="apiAutomatiFirstMethod" time="0.014"/>
  <system-out/>
  <testcase classname="QAClickacademy.Mavenjava.APITest" name="apiAutomationSecondMethod" time="0.002"/>
  <system-out/>
</testsuite> <!-- QAClickacademy.Mavenjava.APITest -->
