<?xml version="1.0" encoding="UTF-8"?>
<!-- Generated by org.testng.reporters.JUnitReportReporter -->
<testsuite hostname="Adarshs-Air" failures="0" tests="2" name="QAClickacademy.Mavenjava.AppiumTest" time="0.001" errors="0" timestamp="2022-02-02T00:30:33 IST" skipped="0">
  <testcase classname="QAClickacademy.Mavenjava.AppiumTest" name="appiumAutomationSecondMethod" time="0.000"/>
  <system-out/>
  <testcase classname="QAClickacademy.Mavenjava.AppiumTest" name="appiumAutomationFirstMethod" time="0.001"/>
  <system-out/>
</testsuite> <!-- QAClickacademy.Mavenjava.AppiumTest -->
