<?xml version="1.0" encoding="UTF-8"?>
<!-- Generated by org.testng.reporters.JUnitReportReporter -->
<testsuite hostname="Adarshs-Air" failures="0" tests="2" name="QAClickacademy.Mavenjava.APITest" time="0.005" errors="0" timestamp="2022-02-02T00:30:33 IST" skipped="0">
  <testcase classname="QAClickacademy.Mavenjava.APITest" name="apiAutomatiFirstMethod" time="0.004"/>
  <system-out/>
  <testcase classname="QAClickacademy.Mavenjava.APITest" name="apiAutomationSecondMethod" time="0.001"/>
  <system-out/>
</testsuite> <!-- QAClickacademy.Mavenjava.APITest -->
