<?xml version="1.0" encoding="UTF-8"?>
<!-- Generated by org.testng.reporters.JUnitReportReporter -->
<testsuite hostname="Adarshs-Air" failures="0" tests="2" name="QAClickacademy.Mavenjava.SeleniumTest" time="0.000" errors="0" timestamp="2022-02-02T00:30:13 IST" skipped="0">
  <testcase classname="QAClickacademy.Mavenjava.SeleniumTest" name="browserAutomation" time="0.000"/>
  <system-out/>
  <testcase classname="QAClickacademy.Mavenjava.SeleniumTest" name="elementsUI" time="0.000"/>
  <system-out/>
</testsuite> <!-- QAClickacademy.Mavenjava.SeleniumTest -->
